<?xml version="1.0" encoding="UTF-8"?>
<!-- Generated by org.testng.reporters.JUnitXMLReporter -->
<testsuite ignored="0" hostname="LAPTOP-T3IK0MSI" failures="1" tests="1" name="Error Validations" time="23.652" errors="0" timestamp="2025-02-21T11:16:28 IST">
  <testcase classname="yousuf.SeleniumFrameworkDesign.ErrorValidations" name="submitOrder" time="22.904">
    <failure type="org.testng.TestNGException" message="
Couldn&amp;apos;t find a constructor in interface org.testng.IRetryAnalyzer">
      <![CDATA[org.testng.TestNGException: 
at java.base/java.util.ArrayList.forEach(ArrayList.java:1511)
at java.base/java.util.concurrent.FutureTask.run(FutureTask.java:264)
at java.base/java.util.concurrent.ThreadPoolExecutor.runWorker(ThreadPoolExecutor.java:1130)
at java.base/java.util.concurrent.ThreadPoolExecutor$Worker.run(ThreadPoolExecutor.java:630)
at java.base/java.lang.Thread.run(Thread.java:832)
... Removed 22 stack frames]]>
    </failure>
  </testcase> <!-- submitOrder -->
</testsuite> <!-- Error Validations -->
